19-Apr-2025 04:32:43.062 INFO [main] org.apache.catalina.startup.VersionLoggerListener.log Server version name:   Apache Tomcat/9.0.104
19-Apr-2025 04:32:43.067 INFO [main] org.apache.catalina.startup.VersionLoggerListener.log Server built:          Apr 4 2025 12:32:55 UTC
19-Apr-2025 04:32:43.067 INFO [main] org.apache.catalina.startup.VersionLoggerListener.log Server version number: 9.0.104.0
19-Apr-2025 04:32:43.067 INFO [main] org.apache.catalina.startup.VersionLoggerListener.log OS Name:               Windows 11
19-Apr-2025 04:32:43.067 INFO [main] org.apache.catalina.startup.VersionLoggerListener.log OS Version:            10.0
19-Apr-2025 04:32:43.069 INFO [main] org.apache.catalina.startup.VersionLoggerListener.log Architecture:          amd64
19-Apr-2025 04:32:43.069 INFO [main] org.apache.catalina.startup.VersionLoggerListener.log Java Home:             C:\jdk-22.0.2
19-Apr-2025 04:32:43.069 INFO [main] org.apache.catalina.startup.VersionLoggerListener.log JVM Version:           22.0.2+9-70
19-Apr-2025 04:32:43.070 INFO [main] org.apache.catalina.startup.VersionLoggerListener.log JVM Vendor:            Oracle Corporation
19-Apr-2025 04:32:43.070 INFO [main] org.apache.catalina.startup.VersionLoggerListener.log CATALINA_BASE:         D:\Spring 2025 Class Element\Object Oriented Concept\apache-tomcat-9.0.104
19-Apr-2025 04:32:43.071 INFO [main] org.apache.catalina.startup.VersionLoggerListener.log CATALINA_HOME:         D:\Spring 2025 Class Element\Object Oriented Concept\apache-tomcat-9.0.104
19-Apr-2025 04:32:43.078 INFO [main] org.apache.catalina.startup.VersionLoggerListener.log Command line argument: --add-opens=java.base/java.lang=ALL-UNNAMED
19-Apr-2025 04:32:43.078 INFO [main] org.apache.catalina.startup.VersionLoggerListener.log Command line argument: --add-opens=java.base/java.lang.invoke=ALL-UNNAMED
19-Apr-2025 04:32:43.078 INFO [main] org.apache.catalina.startup.VersionLoggerListener.log Command line argument: --add-opens=java.base/java.lang.reflect=ALL-UNNAMED
19-Apr-2025 04:32:43.079 INFO [main] org.apache.catalina.startup.VersionLoggerListener.log Command line argument: --add-opens=java.base/java.io=ALL-UNNAMED
19-Apr-2025 04:32:43.079 INFO [main] org.apache.catalina.startup.VersionLoggerListener.log Command line argument: --add-opens=java.base/java.util=ALL-UNNAMED
19-Apr-2025 04:32:43.079 INFO [main] org.apache.catalina.startup.VersionLoggerListener.log Command line argument: --add-opens=java.base/java.util.concurrent=ALL-UNNAMED
19-Apr-2025 04:32:43.079 INFO [main] org.apache.catalina.startup.VersionLoggerListener.log Command line argument: --add-opens=java.rmi/sun.rmi.transport=ALL-UNNAMED
19-Apr-2025 04:32:43.079 INFO [main] org.apache.catalina.startup.VersionLoggerListener.log Command line argument: -Djava.util.logging.config.file=D:\Spring 2025 Class Element\Object Oriented Concept\apache-tomcat-9.0.104\conf\logging.properties
19-Apr-2025 04:32:43.080 INFO [main] org.apache.catalina.startup.VersionLoggerListener.log Command line argument: -Djava.util.logging.manager=org.apache.juli.ClassLoaderLogManager
19-Apr-2025 04:32:43.080 INFO [main] org.apache.catalina.startup.VersionLoggerListener.log Command line argument: -Djdk.tls.ephemeralDHKeySize=2048
19-Apr-2025 04:32:43.080 INFO [main] org.apache.catalina.startup.VersionLoggerListener.log Command line argument: -Djava.protocol.handler.pkgs=org.apache.catalina.webresources
19-Apr-2025 04:32:43.081 INFO [main] org.apache.catalina.startup.VersionLoggerListener.log Command line argument: -Dsun.io.useCanonCaches=false
19-Apr-2025 04:32:43.081 INFO [main] org.apache.catalina.startup.VersionLoggerListener.log Command line argument: -Dignore.endorsed.dirs=
19-Apr-2025 04:32:43.081 INFO [main] org.apache.catalina.startup.VersionLoggerListener.log Command line argument: -Dcatalina.base=D:\Spring 2025 Class Element\Object Oriented Concept\apache-tomcat-9.0.104
19-Apr-2025 04:32:43.082 INFO [main] org.apache.catalina.startup.VersionLoggerListener.log Command line argument: -Dcatalina.home=D:\Spring 2025 Class Element\Object Oriented Concept\apache-tomcat-9.0.104
19-Apr-2025 04:32:43.082 INFO [main] org.apache.catalina.startup.VersionLoggerListener.log Command line argument: -Djava.io.tmpdir=D:\Spring 2025 Class Element\Object Oriented Concept\apache-tomcat-9.0.104\temp
19-Apr-2025 04:32:43.219 INFO [main] org.apache.catalina.core.AprLifecycleListener.lifecycleEvent Loaded Apache Tomcat Native library [1.3.1] using APR version [1.7.4].
19-Apr-2025 04:32:43.219 INFO [main] org.apache.catalina.core.AprLifecycleListener.lifecycleEvent APR capabilities: IPv6 [true], sendfile [true], accept filters [false], random [true], UDS [true].
19-Apr-2025 04:32:43.220 INFO [main] org.apache.catalina.core.AprLifecycleListener.lifecycleEvent APR/OpenSSL configuration: useAprConnector [false], useOpenSSL [true]
19-Apr-2025 04:32:43.226 INFO [main] org.apache.catalina.core.AprLifecycleListener.initializeSSL OpenSSL successfully initialized [OpenSSL 3.0.14 4 Jun 2024]
19-Apr-2025 04:32:43.573 INFO [main] org.apache.coyote.AbstractProtocol.init Initializing ProtocolHandler ["http-nio-8080"]
19-Apr-2025 04:32:43.602 INFO [main] org.apache.catalina.startup.Catalina.load Server initialization in [753] milliseconds
19-Apr-2025 04:32:43.695 INFO [main] org.apache.catalina.core.StandardService.startInternal Starting service [Catalina]
19-Apr-2025 04:32:43.696 INFO [main] org.apache.catalina.core.StandardEngine.startInternal Starting Servlet engine: [Apache Tomcat/9.0.104]
19-Apr-2025 04:32:43.708 INFO [main] org.apache.catalina.startup.HostConfig.deployDirectory Deploying web application directory [D:\Spring 2025 Class Element\Object Oriented Concept\apache-tomcat-9.0.104\webapps\BudgetTracker]
19-Apr-2025 04:32:44.427 INFO [main] org.apache.jasper.servlet.TldScanner.scanJars At least one JAR was scanned for TLDs yet contained no TLDs. Enable debug logging for this logger for a complete list of JARs that were scanned but no TLDs were found in them. Skipping unneeded JARs during scanning can improve startup time and JSP compilation time.
19-Apr-2025 04:32:44.503 INFO [main] org.apache.catalina.startup.HostConfig.deployDirectory Deployment of web application directory [D:\Spring 2025 Class Element\Object Oriented Concept\apache-tomcat-9.0.104\webapps\BudgetTracker] has finished in [794] ms
19-Apr-2025 04:32:44.504 INFO [main] org.apache.catalina.startup.HostConfig.deployDirectory Deploying web application directory [D:\Spring 2025 Class Element\Object Oriented Concept\apache-tomcat-9.0.104\webapps\docs]
19-Apr-2025 04:32:44.791 INFO [main] org.apache.jasper.servlet.TldScanner.scanJars At least one JAR was scanned for TLDs yet contained no TLDs. Enable debug logging for this logger for a complete list of JARs that were scanned but no TLDs were found in them. Skipping unneeded JARs during scanning can improve startup time and JSP compilation time.
19-Apr-2025 04:32:44.797 INFO [main] org.apache.catalina.startup.HostConfig.deployDirectory Deployment of web application directory [D:\Spring 2025 Class Element\Object Oriented Concept\apache-tomcat-9.0.104\webapps\docs] has finished in [293] ms
19-Apr-2025 04:32:44.797 INFO [main] org.apache.catalina.startup.HostConfig.deployDirectory Deploying web application directory [D:\Spring 2025 Class Element\Object Oriented Concept\apache-tomcat-9.0.104\webapps\examples]
19-Apr-2025 04:32:46.761 INFO [main] org.apache.jasper.servlet.TldScanner.scanJars At least one JAR was scanned for TLDs yet contained no TLDs. Enable debug logging for this logger for a complete list of JARs that were scanned but no TLDs were found in them. Skipping unneeded JARs during scanning can improve startup time and JSP compilation time.
19-Apr-2025 04:32:46.829 INFO [main] org.apache.catalina.startup.HostConfig.deployDirectory Deployment of web application directory [D:\Spring 2025 Class Element\Object Oriented Concept\apache-tomcat-9.0.104\webapps\examples] has finished in [2,031] ms
19-Apr-2025 04:32:46.830 INFO [main] org.apache.catalina.startup.HostConfig.deployDirectory Deploying web application directory [D:\Spring 2025 Class Element\Object Oriented Concept\apache-tomcat-9.0.104\webapps\host-manager]
19-Apr-2025 04:32:47.133 INFO [main] org.apache.jasper.servlet.TldScanner.scanJars At least one JAR was scanned for TLDs yet contained no TLDs. Enable debug logging for this logger for a complete list of JARs that were scanned but no TLDs were found in them. Skipping unneeded JARs during scanning can improve startup time and JSP compilation time.
19-Apr-2025 04:32:47.144 INFO [main] org.apache.catalina.startup.HostConfig.deployDirectory Deployment of web application directory [D:\Spring 2025 Class Element\Object Oriented Concept\apache-tomcat-9.0.104\webapps\host-manager] has finished in [315] ms
19-Apr-2025 04:32:47.144 INFO [main] org.apache.catalina.startup.HostConfig.deployDirectory Deploying web application directory [D:\Spring 2025 Class Element\Object Oriented Concept\apache-tomcat-9.0.104\webapps\manager]
19-Apr-2025 04:32:47.408 INFO [main] org.apache.jasper.servlet.TldScanner.scanJars At least one JAR was scanned for TLDs yet contained no TLDs. Enable debug logging for this logger for a complete list of JARs that were scanned but no TLDs were found in them. Skipping unneeded JARs during scanning can improve startup time and JSP compilation time.
19-Apr-2025 04:32:47.411 INFO [main] org.apache.catalina.startup.HostConfig.deployDirectory Deployment of web application directory [D:\Spring 2025 Class Element\Object Oriented Concept\apache-tomcat-9.0.104\webapps\manager] has finished in [267] ms
19-Apr-2025 04:32:47.411 INFO [main] org.apache.catalina.startup.HostConfig.deployDirectory Deploying web application directory [D:\Spring 2025 Class Element\Object Oriented Concept\apache-tomcat-9.0.104\webapps\ROOT]
19-Apr-2025 04:32:47.633 INFO [main] org.apache.jasper.servlet.TldScanner.scanJars At least one JAR was scanned for TLDs yet contained no TLDs. Enable debug logging for this logger for a complete list of JARs that were scanned but no TLDs were found in them. Skipping unneeded JARs during scanning can improve startup time and JSP compilation time.
19-Apr-2025 04:32:47.637 INFO [main] org.apache.catalina.startup.HostConfig.deployDirectory Deployment of web application directory [D:\Spring 2025 Class Element\Object Oriented Concept\apache-tomcat-9.0.104\webapps\ROOT] has finished in [226] ms
19-Apr-2025 04:32:47.641 INFO [main] org.apache.coyote.AbstractProtocol.start Starting ProtocolHandler ["http-nio-8080"]
19-Apr-2025 04:32:47.689 INFO [main] org.apache.catalina.startup.Catalina.start Server startup in [4085] milliseconds
19-Apr-2025 06:09:04.417 INFO [Catalina-utility-2] org.apache.catalina.users.MemoryUserDatabase.backgroundProcess Reloading memory user database [UserDatabase] from updated source [file:/D:/Spring%202025%20Class%20Element/Object%20Oriented%20Concept/apache-tomcat-9.0.104/conf/tomcat-users.xml]
19-Apr-2025 06:09:04.448 SEVERE [Catalina-utility-2] org.apache.catalina.users.MemoryUserDatabase.open The specified user database [conf/tomcat-users.xml] could not be found
19-Apr-2025 06:09:04.988 INFO [Catalina-utility-2] org.apache.catalina.startup.HostConfig.undeploy Undeploying context [/BudgetTracker]
19-Apr-2025 06:09:05.669 INFO [Catalina-utility-2] org.apache.catalina.startup.HostConfig.undeploy Undeploying context []
19-Apr-2025 06:09:06.199 INFO [Catalina-utility-2] org.apache.catalina.startup.HostConfig.undeploy Undeploying context [/examples]
19-Apr-2025 06:09:06.726 INFO [Catalina-utility-2] org.apache.catalina.startup.HostConfig.undeploy Undeploying context [/host-manager]
19-Apr-2025 06:09:07.242 INFO [Catalina-utility-2] org.apache.catalina.startup.HostConfig.undeploy Undeploying context [/manager]
19-Apr-2025 06:09:07.756 INFO [Catalina-utility-2] org.apache.catalina.startup.HostConfig.undeploy Undeploying context [/docs]
